<?xml version="1.0" encoding="UTF-8"?>
<!-- Generated by org.testng.reporters.JUnitXMLReporter -->
<testsuite ignored="0" hostname="DESKTOP-KDHLI5B" failures="0" tests="5" name=" test" time="117.083" errors="0" timestamp="2020-06-29T06:19:47 EDT">
  <testcase classname="academy.HomePage" name="navigatingToLoginPage" time="24.629"/>
  <testcase classname="academy.HomePage" name="navigatingToLoginPage" time="30.08"/>
  <testcase classname="academy.HomePage" name="navigatingToLoginPage" time="25.615"/>
  <testcase classname="academy.ValidateNavBar" name="navigatingToLoginPage" time="14.046"/>
  <testcase classname="academy.ValidateTitle" name="navigatingToLoginPage" time="19.091"/>
</testsuite> <!--  test -->
